Using TensorFlow backend.
2018-08-31 17:17:22.468706: I tensorflow/core/platform/cpu_feature_guard.cc:140] Your CPU supports instructions that this TensorFlow binary was not compiled to use: AVX2 FMA
Tensor("permute/transpose:0", shape=(?, 35, 4, 192), dtype=float32)
Tensor("flatten/Reshape_2:0", shape=(?, 35, 768), dtype=float32)
Tensor("flatten/Reshape_2:0", shape=(?, 35, 768), dtype=float32)
Tensor("permute_1/transpose:0", shape=(?, 35, 4, 192), dtype=float32)
Tensor("flatten_1/Reshape_2:0", shape=(?, 35, 768), dtype=float32)
Tensor("flatten_1/Reshape_2:0", shape=(?, 35, 768), dtype=float32)
Tensor("permute_2/transpose:0", shape=(?, ?, 4, 192), dtype=float32)
Tensor("flatten_2/Reshape_2:0", shape=(?, ?, 768), dtype=float32)
Tensor("flatten_2/Reshape_2:0", shape=(?, ?, 768), dtype=float32)
find: -xtype: unknown primary or operator
make: `adaptor.so' is up to date.
resnet_v1_50/block1 (?, ?, ?, 256)
resnet_v1_50/block2 (?, ?, ?, 512)
resnet_v1_50/block3 (?, ?, ?, 1024)
resnet_v1_50/block4 (?, ?, ?, 2048)
Shape of f_0 (?, ?, ?, 2048)
Shape of f_1 (?, ?, ?, 512)
Shape of f_2 (?, ?, ?, 256)
Shape of f_3 (?, ?, ?, 64)
Shape of h_0 (?, ?, ?, 2048), g_0 (?, ?, ?, 2048)
Shape of h_1 (?, ?, ?, 128), g_1 (?, ?, ?, 128)
Shape of h_2 (?, ?, ?, 64), g_2 (?, ?, ?, 64)
Shape of h_3 (?, ?, ?, 32), g_3 (?, ?, ?, 32)
Restore from checkpoint/detect/model.ckpt-59999
Find 70 images
--data/images5/1977190/0.jpg
975 text boxes before nms
data/images5/1977190/0.jpg : net 2932ms, restore 1ms, nms 43ms
[timing] 2.9806110858917236
17 text boxes before nms
data/images5/1977190/0.jpg : net 110ms, restore 0ms, nms 0ms
[timing] 0.1108701229095459
356 text boxes before nms
data/images5/1977190/0.jpg : net 487ms, restore 1ms, nms 19ms
[timing] 0.5082499980926514
373 text boxes before nms
data/images5/1977190/0.jpg : net 449ms, restore 5ms, nms 22ms
[timing] 0.4775857925415039
287 text boxes before nms
--data/images5/1977152/0.jpg
929 text boxes before nms
data/images5/1977152/0.jpg : net 1639ms, restore 1ms, nms 41ms
[timing] 1.6837942600250244
656 text boxes before nms
data/images5/1977152/0.jpg : net 775ms, restore 1ms, nms 29ms
[timing] 0.8075530529022217
